[21:50:21] [main/INFO]: Environment: authHost='https://authserver.mojang.com', accountsHost='https://api.mojang.com', sessionHost='https://sessionserver.mojang.com', name='PROD'
[21:50:21] [main/WARN]: Ambiguity between arguments [teleport, destination] and [teleport, targets] with inputs: [Player, 0123, @e, dd12be42-52a9-4a91-a8a1-11c01849e498]
[21:50:21] [main/WARN]: Ambiguity between arguments [teleport, location] and [teleport, destination] with inputs: [0.1 -0.5 .9, 0 0 0]
[21:50:21] [main/WARN]: Ambiguity between arguments [teleport, location] and [teleport, targets] with inputs: [0.1 -0.5 .9, 0 0 0]
[21:50:21] [main/WARN]: Ambiguity between arguments [teleport, targets] and [teleport, destination] with inputs: [Player, 0123, dd12be42-52a9-4a91-a8a1-11c01849e498]
[21:50:21] [main/WARN]: Ambiguity between arguments [teleport, targets, location] and [teleport, targets, destination] with inputs: [0.1 -0.5 .9, 0 0 0]
[21:50:21] [main/INFO]: Reloading ResourceManager: Default
[21:50:22] [Worker-Main-5/INFO]: Loaded 7 recipes
[21:50:23] [Worker-Main-5/INFO]: Loaded 927 advancements
[21:50:24] [Server thread/INFO]: Starting minecraft server version 1.16.3
[21:50:24] [Server thread/INFO]: Loading properties
[21:50:24] [Server thread/INFO]: Default game type: SURVIVAL
[21:50:24] [Server thread/INFO]: Generating keypair
[21:50:24] [Server thread/INFO]: Starting Minecraft server on *:25565
[21:50:24] [Server thread/INFO]: Using default channel type
[21:50:25] [Server thread/INFO]: Preparing level "world"
[21:50:25] [Server thread/INFO]: Preparing start region for dimension minecraft:overworld
[21:50:27] [Server thread/INFO]: Preparing spawn area: 0%
[21:50:27] [Server thread/INFO]: Preparing spawn area: 0%
[21:50:27] [Server thread/INFO]: Preparing spawn area: 0%
[21:50:27] [Server thread/INFO]: Preparing spawn area: 0%
[21:50:31] [Worker-Main-4/INFO]: Preparing spawn area: 83%
[21:50:31] [Worker-Main-6/INFO]: Preparing spawn area: 83%
[21:50:31] [Worker-Main-6/INFO]: Preparing spawn area: 83%
[21:50:31] [Worker-Main-7/INFO]: Preparing spawn area: 83%
[21:50:31] [Worker-Main-7/INFO]: Preparing spawn area: 83%
[21:50:31] [Worker-Main-4/INFO]: Preparing spawn area: 83%
[21:50:31] [Worker-Main-7/INFO]: Preparing spawn area: 83%
[21:50:31] [Worker-Main-7/INFO]: Preparing spawn area: 83%
[21:50:31] [Worker-Main-6/INFO]: Preparing spawn area: 83%
[21:50:32] [Worker-Main-6/INFO]: Preparing spawn area: 83%
[21:50:32] [Worker-Main-6/INFO]: Preparing spawn area: 83%
[21:50:33] [Worker-Main-4/INFO]: Preparing spawn area: 83%
[21:50:33] [Worker-Main-4/INFO]: Preparing spawn area: 83%
[21:50:34] [Worker-Main-7/INFO]: Preparing spawn area: 83%
[21:50:34] [Server thread/INFO]: Preparing spawn area: 83%
[21:50:35] [Server thread/INFO]: Preparing spawn area: 87%
[21:50:35] [Worker-Main-4/INFO]: Preparing spawn area: 93%
[21:50:36] [Server thread/INFO]: Time elapsed: 10382 ms
[21:50:36] [Server thread/INFO]: Done (10.522s)! For help, type "help"
[21:50:50] [Server thread/INFO]: Nothing changed. The player already is an operator
[21:50:59] [User Authenticator #1/INFO]: UUID of player AccelerationYes is 0feaed68-64b3-421d-8db1-5c16c961f1f6
[21:50:59] [Server thread/INFO]: AccelerationYes[/127.0.0.1:62993] logged in with entity id 167 at (-55.5, 65.0, 35.5)
[21:50:59] [Server thread/INFO]: AccelerationYes joined the game
[21:51:01] [Server thread/WARN]: Can't keep up! Is the server overloaded? Running 2108ms or 42 ticks behind
[21:51:17] [Server thread/INFO]: [AccelerationYes: Set own game mode to Creative Mode]
[21:53:17] [Server thread/INFO]: Stopping the server
[21:53:17] [Server thread/INFO]: Stopping server
[21:53:17] [Server thread/INFO]: Saving players
[21:53:17] [Server thread/INFO]: Saving worlds
[21:53:17] [Server thread/INFO]: Saving chunks for level 'ServerLevel[world]'/minecraft:overworld
[21:53:18] [Server thread/INFO]: ThreadedAnvilChunkStorage (world): All chunks are saved
[21:53:18] [Server thread/INFO]: Saving chunks for level 'ServerLevel[world]'/minecraft:the_nether
[21:53:18] [Server thread/INFO]: ThreadedAnvilChunkStorage (DIM-1): All chunks are saved
[21:53:18] [Server thread/INFO]: Saving chunks for level 'ServerLevel[world]'/minecraft:the_end
[21:53:18] [Server thread/INFO]: ThreadedAnvilChunkStorage (DIM1): All chunks are saved
[21:53:18] [Server thread/INFO]: ThreadedAnvilChunkStorage (world): All chunks are saved
[21:53:18] [Server thread/INFO]: ThreadedAnvilChunkStorage (DIM-1): All chunks are saved
[21:53:18] [Server thread/INFO]: ThreadedAnvilChunkStorage (DIM1): All chunks are saved
